1670376071702	geckodriver	INFO	Listening on 127.0.0.1:51806
1670376082225	mozrunner::runner	INFO	Running command: "C:\\Program Files\\Mozilla Firefox\\firefox.exe" "--marionette" "--remote-debugging-port" "51807" "--remote-allow-hosts" "localhost" "-no-remote" "-profile" "C:\\Users\\hgham\\AppData\\Local\\Temp\\rust_mozprofileIgZQEz"
1670376085207	Marionette	INFO	Marionette enabled
1670376085219	Marionette	INFO	Listening on port 51820
Read port: 51820
WebDriver BiDi listening on ws://127.0.0.1:51807
1670376085472	RemoteAgent	WARN	TLS certificate errors will be ignored for this session
DevTools listening on ws://127.0.0.1:51807/devtools/browser/2135a04a-9200-4a68-baf1-3ba10425eca6
console.warn: LoginRecipes: "Falling back to a synchronous message for: https://www.mansionglobal.com."
1670376095698	Marionette	WARN	TimedPromise timed out after 500 ms: stacktrace:
TimedPromise/<@chrome://remote/content/marionette/sync.sys.mjs:220:24
TimedPromise@chrome://remote/content/marionette/sync.sys.mjs:205:10
interaction.flushEventLoop@chrome://remote/content/marionette/interaction.sys.mjs:425:10
webdriverClickElement@chrome://remote/content/marionette/interaction.sys.mjs:173:31
1670376099180	Marionette	WARN	Ignoring event 'pageshow' because document has an invalid readyState of 'uninitialized'.
1671568135380	geckodriver	INFO	Listening on 127.0.0.1:51353
1671568142786	mozrunner::runner	INFO	Running command: "C:\\Program Files\\Mozilla Firefox\\firefox.exe" "--marionette" "--remote-debugging-port" "51354" "--remote-allow-hosts" "localhost" "-no-remote" "-profile" "C:\\Users\\hgham\\AppData\\Local\\Temp\\rust_mozprofile33PiFq"
1671568145111	Marionette	INFO	Marionette enabled
1671568145127	Marionette	INFO	Listening on port 51363
Read port: 51363
WebDriver BiDi listening on ws://127.0.0.1:51354
1671568145440	RemoteAgent	WARN	TLS certificate errors will be ignored for this session
DevTools listening on ws://127.0.0.1:51354/devtools/browser/1ec60b7f-43fe-4e4a-b84d-3ee5c07c540a
JavaScript warning: https://pagead2.googlesyndication.com/bg/3WpNOUgrN-_pxVw2NAHVNtofer_w6aLb3ZHXGHAM44Y.js line 2 > eval line 4181 > eval line 1 > eval line 1 > eval, line 1: WEBGL_debug_renderer_info is deprecated in Firefox and will be removed. Please use RENDERER.
console.warn: LoginRecipes: "Falling back to a synchronous message for: https://www.propgoluxury.com."
1671568245327	Marionette	WARN	Ignoring event 'DOMContentLoaded' because document has an invalid readyState of 'complete'.
1671568245337	Marionette	WARN	Ignoring event 'DOMContentLoaded' because document has an invalid readyState of 'complete'.
JavaScript error: , line 0: TypeError: NetworkError when attempting to fetch resource.
JavaScript error: , line 0: TypeError: NetworkError when attempting to fetch resource.
JavaScript error: , line 0: TypeError: NetworkError when attempting to fetch resource.
JavaScript warning: https://pagead2.googlesyndication.com/bg/3WpNOUgrN-_pxVw2NAHVNtofer_w6aLb3ZHXGHAM44Y.js line 2 > eval line 3355 > eval line 1 > eval line 1 > eval, line 1: WEBGL_debug_renderer_info is deprecated in Firefox and will be removed. Please use RENDERER.
JavaScript warning: https://pagead2.googlesyndication.com/bg/3WpNOUgrN-_pxVw2NAHVNtofer_w6aLb3ZHXGHAM44Y.js line 2 > eval line 1857 > eval line 1 > eval line 1 > eval, line 1: WEBGL_debug_renderer_info is deprecated in Firefox and will be removed. Please use RENDERER.
JavaScript error: , line 0: uncaught exception: 7
JavaScript warning: https://pagead2.googlesyndication.com/bg/3WpNOUgrN-_pxVw2NAHVNtofer_w6aLb3ZHXGHAM44Y.js line 2 > eval line 1518 > eval line 1 > eval line 1 > eval, line 1: WEBGL_debug_renderer_info is deprecated in Firefox and will be removed. Please use RENDERER.
1671568250333	Marionette	WARN	Ignoring event 'DOMContentLoaded' because document has an invalid readyState of 'complete'.
1671568250337	Marionette	WARN	Ignoring event 'DOMContentLoaded' because document has an invalid readyState of 'complete'.
JavaScript error: , line 0: TypeError: NetworkError when attempting to fetch resource.
JavaScript error: , line 0: TypeError: NetworkError when attempting to fetch resource.
JavaScript error: , line 0: TypeError: NetworkError when attempting to fetch resource.
JavaScript error: , line 0: uncaught exception: undefined
JavaScript error: , line 0: TypeError: NetworkError when attempting to fetch resource.
JavaScript error: , line 0: TypeError: NetworkError when attempting to fetch resource.
JavaScript error: , line 0: TypeError: NetworkError when attempting to fetch resource.
JavaScript error: , line 0: uncaught exception: undefined
JavaScript error: , line 0: TypeError: NetworkError when attempting to fetch resource.
1671568260118	Marionette	INFO	Stopped listening on port 51363
JavaScript error: , line 0: TypeError: NetworkError when attempting to fetch resource.
